<?xml version="1.0" encoding="UTF-8"?>
<!-- Generated by org.testng.reporters.JUnitXMLReporter -->
<testsuite hostname="ATMECSINDT-046" ignored="0" name="Test" tests="3" failures="0" timestamp="29 Oct 2019 13:08:07 GMT" time="0.096" errors="0">
  <testcase name="@BeforeTest initializeBrowser" time="0.019" classname="com.atmecs.automations.testbase.BrowserInvoke">
    <failure type="java.lang.NullPointerException">
      <![CDATA[java.lang.NullPointerException
at com.atmecs.automations.testbase.BrowserInvoke.initializeBrowser(BrowserInvoke.java:61)
... Removed 24 stack frames]]>
    </failure>
  </testcase> <!-- @BeforeTest initializeBrowser -->
  <testcase name="@BeforeTest gridMethod" time="0.0" classname="com.atmecs.automation.testscripts.SeleniumGrid">
    <skipped/>
  </testcase> <!-- @BeforeTest gridMethod -->
  <testcase name="@AfterTest driverClose" time="0.0" classname="com.atmecs.automation.testscripts.VerifyBlogs">
    <skipped/>
  </testcase> <!-- @AfterTest driverClose -->
  <testcase name="suitemethod" time="0.0" classname="com.atmecs.automation.testscripts.Suites">
    <skipped/>
  </testcase> <!-- suitemethod -->
  <testcase name="verifyBlogDetails" time="0.0" classname="com.atmecs.automation.testscripts.VerifyBlogs">
    <skipped/>
  </testcase> <!-- verifyBlogDetails -->
  <testcase name="verifyFooterContext" time="0.0" classname="com.atmecs.automation.testscripts.VerifyFootersAndContexts">
    <skipped/>
  </testcase> <!-- verifyFooterContext -->
</testsuite> <!-- Test -->
